<?xml version="1.0" encoding="UTF-8"?>
<!-- Generated by org.testng.reporters.JUnitXMLReporter -->
<testsuite hostname="DESKTOP-05ECBNF" ignored="0" name="Tests" tests="4" failures="0" timestamp="22 Feb 2020 09:01:27 GMT" time="0.077" errors="0">
  <testcase name="test1" time="0.013" classname="com.qait.TestNGSelenium.TestClass2"/>
  <testcase name="test2" time="0.002" classname="com.qait.TestNGSelenium.TestClass2"/>
  <testcase name="test1" time="0.002" classname="com.qait.TestNGSelenium.TestClass3"/>
  <testcase name="test2" time="0.002" classname="com.qait.TestNGSelenium.TestClass3"/>
</testsuite> <!-- Tests -->
